2018-12-25 23:19:33,487 DEBUG (UserController.java:37)- 页面跳转---->开始
2018-12-25 23:19:34,510 DEBUG (UserController.java:56)- POST查询所有用户信息
2018-12-25 23:19:34,514 DEBUG (UserController.java:59)- 10条数
2018-12-25 23:19:34,517 DEBUG (UserController.java:61)- 1页数
2018-12-25 23:19:34,793 DEBUG (BaseJdbcLogger.java:159)- ==>  Preparing: SELECT count(0) FROM sys_user WHERE `status` != 2 
2018-12-25 23:19:34,799 DEBUG (BaseJdbcLogger.java:159)- ==> Parameters: 
2018-12-25 23:19:34,810 DEBUG (BaseJdbcLogger.java:159)- <==      Total: 1
2018-12-25 23:19:34,815 DEBUG (BaseJdbcLogger.java:159)- ==>  Preparing: SELECT user_id, login_name, real_name, create_time, email, telphone, `status` FROM sys_user WHERE `status` != 2 LIMIT ? 
2018-12-25 23:19:34,819 DEBUG (BaseJdbcLogger.java:159)- ==> Parameters: 10(Integer)
2018-12-25 23:19:34,829 DEBUG (BaseJdbcLogger.java:159)- <==      Total: 10
2018-12-25 23:23:27,410 INFO (StartupInfoLogger.java:50)- Starting AdminHtApplication on DESKTOP-9SCGNQP with PID 10228 (E:\GitURLDownload\admin-ht\target\classes started by NariT in E:\GitURLDownload\admin-ht)
2018-12-25 23:23:27,466 DEBUG (StartupInfoLogger.java:53)- Running with Spring Boot v2.1.1.RELEASE, Spring v5.1.3.RELEASE
2018-12-25 23:23:27,489 INFO (SpringApplication.java:675)- No active profile set, falling back to default profiles: default
2018-12-25 23:23:40,006 INFO (ShiroConfig.java:107)-  ===> ShiroConfiguration.getEhCacheManager()
2018-12-25 23:23:40,086 INFO (ShiroConfig.java:126)-  ===> ShiroConfiguration.rememberMeManager()
2018-12-25 23:23:40,086 INFO (ShiroConfig.java:115)-  ===> ShiroConfiguration.rememberMeCookie()
2018-12-25 23:24:23,028 INFO (StartupInfoLogger.java:50)- Starting AdminHtApplication on DESKTOP-9SCGNQP with PID 8384 (E:\GitURLDownload\admin-ht\target\classes started by NariT in E:\GitURLDownload\admin-ht)
2018-12-25 23:24:23,225 DEBUG (StartupInfoLogger.java:53)- Running with Spring Boot v2.1.1.RELEASE, Spring v5.1.3.RELEASE
2018-12-25 23:24:23,236 INFO (SpringApplication.java:675)- No active profile set, falling back to default profiles: default
2018-12-25 23:24:29,312 INFO (ShiroConfig.java:107)-  ===> ShiroConfiguration.getEhCacheManager()
2018-12-25 23:24:29,328 INFO (ShiroConfig.java:126)-  ===> ShiroConfiguration.rememberMeManager()
2018-12-25 23:24:29,330 INFO (ShiroConfig.java:115)-  ===> ShiroConfiguration.rememberMeCookie()
2018-12-25 23:26:36,251 INFO (StartupInfoLogger.java:50)- Starting AdminHtApplication on DESKTOP-9SCGNQP with PID 3496 (E:\GitURLDownload\admin-ht\target\classes started by NariT in E:\GitURLDownload\admin-ht)
2018-12-25 23:26:36,269 DEBUG (StartupInfoLogger.java:53)- Running with Spring Boot v2.1.1.RELEASE, Spring v5.1.3.RELEASE
2018-12-25 23:26:36,277 INFO (SpringApplication.java:675)- No active profile set, falling back to default profiles: default
2018-12-25 23:26:42,410 INFO (ShiroConfig.java:107)-  ===> ShiroConfiguration.getEhCacheManager()
2018-12-25 23:26:42,431 INFO (ShiroConfig.java:126)-  ===> ShiroConfiguration.rememberMeManager()
2018-12-25 23:26:42,432 INFO (ShiroConfig.java:115)-  ===> ShiroConfiguration.rememberMeCookie()
2018-12-25 23:28:47,844 INFO (StartupInfoLogger.java:50)- Starting AdminHtApplication on DESKTOP-9SCGNQP with PID 17828 (E:\GitURLDownload\admin-ht\target\classes started by NariT in E:\GitURLDownload\admin-ht)
2018-12-25 23:28:47,870 DEBUG (StartupInfoLogger.java:53)- Running with Spring Boot v2.1.1.RELEASE, Spring v5.1.3.RELEASE
2018-12-25 23:28:47,879 INFO (SpringApplication.java:675)- No active profile set, falling back to default profiles: default
2018-12-25 23:28:54,451 INFO (ShiroConfig.java:107)-  ===> ShiroConfiguration.getEhCacheManager()
2018-12-25 23:28:54,496 INFO (ShiroConfig.java:126)-  ===> ShiroConfiguration.rememberMeManager()
2018-12-25 23:28:54,500 INFO (ShiroConfig.java:115)-  ===> ShiroConfiguration.rememberMeCookie()
2018-12-25 23:29:02,740 INFO (StartupInfoLogger.java:59)- Started AdminHtApplication in 18.102 seconds (JVM running for 24.138)
2018-12-25 23:29:16,492 DEBUG (BaseJdbcLogger.java:159)- ==>  Preparing: select * from sys_user where login_name = ? 
2018-12-25 23:29:16,721 DEBUG (BaseJdbcLogger.java:159)- ==> Parameters: null
2018-12-25 23:29:16,877 DEBUG (BaseJdbcLogger.java:159)- <==      Total: 0
2018-12-25 23:29:16,897 INFO (MyShiroRealm.java:53)-  ===> MyShiroRealm.doGetAuthenticationInfo()
2018-12-25 23:29:16,914 INFO (MyShiroRealm.java:56)- null
2018-12-25 23:29:16,929 DEBUG (BaseJdbcLogger.java:159)- ==>  Preparing: select * from sys_user where login_name = ? 
2018-12-25 23:29:16,931 DEBUG (BaseJdbcLogger.java:159)- ==> Parameters: null
2018-12-25 23:29:16,934 DEBUG (BaseJdbcLogger.java:159)- <==      Total: 0
2018-12-25 23:29:16,935 INFO (MyShiroRealm.java:60)- ----->>userInfo=
2018-12-25 23:29:24,922 INFO (MyShiroRealm.java:53)-  ===> MyShiroRealm.doGetAuthenticationInfo()
2018-12-25 23:29:24,929 INFO (MyShiroRealm.java:56)- null
2018-12-25 23:29:24,938 DEBUG (BaseJdbcLogger.java:159)- ==>  Preparing: select * from sys_user where login_name = ? 
2018-12-25 23:29:24,939 DEBUG (BaseJdbcLogger.java:159)- ==> Parameters: null
2018-12-25 23:29:24,949 DEBUG (BaseJdbcLogger.java:159)- <==      Total: 0
2018-12-25 23:29:24,951 INFO (MyShiroRealm.java:60)- ----->>userInfo=
2018-12-25 23:29:24,965 DEBUG (BaseJdbcLogger.java:159)- ==>  Preparing: select * from sys_user where login_name = ? 
2018-12-25 23:29:24,969 DEBUG (BaseJdbcLogger.java:159)- ==> Parameters: admin(String)
2018-12-25 23:29:24,995 DEBUG (BaseJdbcLogger.java:159)- <==      Total: 1
2018-12-25 23:29:24,998 INFO (MyShiroRealm.java:53)-  ===> MyShiroRealm.doGetAuthenticationInfo()
2018-12-25 23:29:25,000 INFO (MyShiroRealm.java:56)- [C@279c1c3d
2018-12-25 23:29:25,003 DEBUG (BaseJdbcLogger.java:159)- ==>  Preparing: select * from sys_user where login_name = ? 
2018-12-25 23:29:25,005 DEBUG (BaseJdbcLogger.java:159)- ==> Parameters: admin(String)
2018-12-25 23:29:25,013 DEBUG (BaseJdbcLogger.java:159)- <==      Total: 1
2018-12-25 23:29:25,015 INFO (MyShiroRealm.java:60)- ----->>userInfo=
2018-12-25 23:29:27,050 DEBUG (UserController.java:37)- 页面跳转---->开始
2018-12-25 23:29:28,037 DEBUG (UserController.java:56)- POST查询所有用户信息
2018-12-25 23:29:28,057 DEBUG (UserController.java:59)- 10条数
2018-12-25 23:29:28,059 DEBUG (UserController.java:61)- 1页数
2018-12-25 23:29:28,231 DEBUG (BaseJdbcLogger.java:159)- ==>  Preparing: SELECT count(0) FROM sys_user WHERE `status` != 2 
2018-12-25 23:29:28,250 DEBUG (BaseJdbcLogger.java:159)- ==> Parameters: 
2018-12-25 23:29:28,258 DEBUG (BaseJdbcLogger.java:159)- <==      Total: 1
2018-12-25 23:29:28,266 DEBUG (BaseJdbcLogger.java:159)- ==>  Preparing: SELECT user_id, login_name, real_name, create_time, email, telphone, `status` FROM sys_user WHERE `status` != 2 LIMIT ? 
2018-12-25 23:29:28,269 DEBUG (BaseJdbcLogger.java:159)- ==> Parameters: 10(Integer)
2018-12-25 23:29:28,302 DEBUG (BaseJdbcLogger.java:159)- <==      Total: 10
2018-12-25 23:31:30,149 INFO (StartupInfoLogger.java:50)- Starting AdminHtApplication on DESKTOP-9SCGNQP with PID 1672 (E:\GitURLDownload\admin-ht\target\classes started by NariT in E:\GitURLDownload\admin-ht)
2018-12-25 23:31:30,222 DEBUG (StartupInfoLogger.java:53)- Running with Spring Boot v2.1.1.RELEASE, Spring v5.1.3.RELEASE
2018-12-25 23:31:30,230 INFO (SpringApplication.java:675)- No active profile set, falling back to default profiles: default
2018-12-25 23:31:39,826 INFO (ShiroConfig.java:107)-  ===> ShiroConfiguration.getEhCacheManager()
2018-12-25 23:31:39,858 INFO (ShiroConfig.java:126)-  ===> ShiroConfiguration.rememberMeManager()
2018-12-25 23:31:39,862 INFO (ShiroConfig.java:115)-  ===> ShiroConfiguration.rememberMeCookie()
2018-12-25 23:32:00,499 INFO (StartupInfoLogger.java:50)- Starting AdminHtApplication on DESKTOP-9SCGNQP with PID 2488 (E:\GitURLDownload\admin-ht\target\classes started by NariT in E:\GitURLDownload\admin-ht)
2018-12-25 23:32:00,525 DEBUG (StartupInfoLogger.java:53)- Running with Spring Boot v2.1.1.RELEASE, Spring v5.1.3.RELEASE
2018-12-25 23:32:00,549 INFO (SpringApplication.java:675)- No active profile set, falling back to default profiles: default
2018-12-25 23:32:07,297 INFO (ShiroConfig.java:107)-  ===> ShiroConfiguration.getEhCacheManager()
2018-12-25 23:32:07,322 INFO (ShiroConfig.java:126)-  ===> ShiroConfiguration.rememberMeManager()
2018-12-25 23:32:07,324 INFO (ShiroConfig.java:115)-  ===> ShiroConfiguration.rememberMeCookie()
2018-12-25 23:32:14,399 INFO (StartupInfoLogger.java:59)- Started AdminHtApplication in 16.95 seconds (JVM running for 22.875)
2018-12-25 23:32:27,742 DEBUG (BaseJdbcLogger.java:159)- ==>  Preparing: select * from sys_user where login_name = ? 
2018-12-25 23:32:27,780 DEBUG (BaseJdbcLogger.java:159)- ==> Parameters: null
2018-12-25 23:32:27,812 DEBUG (BaseJdbcLogger.java:159)- <==      Total: 0
2018-12-25 23:32:27,820 INFO (MyShiroRealm.java:53)-  ===> MyShiroRealm.doGetAuthenticationInfo()
2018-12-25 23:32:27,821 INFO (MyShiroRealm.java:56)- null
2018-12-25 23:32:27,827 DEBUG (BaseJdbcLogger.java:159)- ==>  Preparing: select * from sys_user where login_name = ? 
2018-12-25 23:32:27,828 DEBUG (BaseJdbcLogger.java:159)- ==> Parameters: null
2018-12-25 23:32:27,830 DEBUG (BaseJdbcLogger.java:159)- <==      Total: 0
2018-12-25 23:32:27,832 INFO (MyShiroRealm.java:60)- ----->>userInfo=
2018-12-25 23:32:34,644 INFO (MyShiroRealm.java:53)-  ===> MyShiroRealm.doGetAuthenticationInfo()
2018-12-25 23:32:34,653 INFO (MyShiroRealm.java:56)- null
2018-12-25 23:32:34,655 DEBUG (BaseJdbcLogger.java:159)- ==>  Preparing: select * from sys_user where login_name = ? 
2018-12-25 23:32:34,656 DEBUG (BaseJdbcLogger.java:159)- ==> Parameters: null
2018-12-25 23:32:34,664 DEBUG (BaseJdbcLogger.java:159)- <==      Total: 0
2018-12-25 23:32:34,664 INFO (MyShiroRealm.java:60)- ----->>userInfo=
2018-12-25 23:32:34,719 DEBUG (BaseJdbcLogger.java:159)- ==>  Preparing: select * from sys_user where login_name = ? 
2018-12-25 23:32:34,722 DEBUG (BaseJdbcLogger.java:159)- ==> Parameters: admin(String)
2018-12-25 23:32:34,756 DEBUG (BaseJdbcLogger.java:159)- <==      Total: 1
2018-12-25 23:32:34,758 INFO (MyShiroRealm.java:53)-  ===> MyShiroRealm.doGetAuthenticationInfo()
2018-12-25 23:32:34,760 INFO (MyShiroRealm.java:56)- [C@6b9928a0
2018-12-25 23:32:34,762 DEBUG (BaseJdbcLogger.java:159)- ==>  Preparing: select * from sys_user where login_name = ? 
2018-12-25 23:32:34,765 DEBUG (BaseJdbcLogger.java:159)- ==> Parameters: admin(String)
2018-12-25 23:32:34,775 DEBUG (BaseJdbcLogger.java:159)- <==      Total: 1
2018-12-25 23:32:34,777 INFO (MyShiroRealm.java:60)- ----->>userInfo=
2018-12-25 23:32:36,165 DEBUG (UserController.java:37)- 页面跳转---->开始
2018-12-25 23:32:37,225 DEBUG (UserController.java:56)- POST查询所有用户信息
2018-12-25 23:32:37,245 DEBUG (UserController.java:59)- 10条数
2018-12-25 23:32:37,246 DEBUG (UserController.java:61)- 1页数
2018-12-25 23:32:37,429 DEBUG (BaseJdbcLogger.java:159)- ==>  Preparing: SELECT count(0) FROM sys_user WHERE `status` != 2 
2018-12-25 23:32:37,450 DEBUG (BaseJdbcLogger.java:159)- ==> Parameters: 
2018-12-25 23:32:37,457 DEBUG (BaseJdbcLogger.java:159)- <==      Total: 1
2018-12-25 23:32:37,464 DEBUG (BaseJdbcLogger.java:159)- ==>  Preparing: SELECT user_id, login_name, real_name, create_time, email, telphone, `status` FROM sys_user WHERE `status` != 2 LIMIT ? 
2018-12-25 23:32:37,467 DEBUG (BaseJdbcLogger.java:159)- ==> Parameters: 10(Integer)
2018-12-25 23:32:37,511 DEBUG (BaseJdbcLogger.java:159)- <==      Total: 10
2018-12-25 23:34:23,648 INFO (StartupInfoLogger.java:50)- Starting AdminHtApplication on DESKTOP-9SCGNQP with PID 9492 (E:\GitURLDownload\admin-ht\target\classes started by NariT in E:\GitURLDownload\admin-ht)
2018-12-25 23:34:23,699 DEBUG (StartupInfoLogger.java:53)- Running with Spring Boot v2.1.1.RELEASE, Spring v5.1.3.RELEASE
2018-12-25 23:34:23,712 INFO (SpringApplication.java:675)- No active profile set, falling back to default profiles: default
2018-12-25 23:34:30,308 INFO (ShiroConfig.java:107)-  ===> ShiroConfiguration.getEhCacheManager()
2018-12-25 23:34:30,338 INFO (ShiroConfig.java:126)-  ===> ShiroConfiguration.rememberMeManager()
2018-12-25 23:34:30,341 INFO (ShiroConfig.java:115)-  ===> ShiroConfiguration.rememberMeCookie()
2018-12-25 23:34:39,015 INFO (StartupInfoLogger.java:59)- Started AdminHtApplication in 18.469 seconds (JVM running for 24.275)
2018-12-25 23:35:10,631 DEBUG (BaseJdbcLogger.java:159)- ==>  Preparing: select * from sys_user where login_name = ? 
2018-12-25 23:35:11,000 DEBUG (BaseJdbcLogger.java:159)- ==> Parameters: null
2018-12-25 23:35:11,206 DEBUG (BaseJdbcLogger.java:159)- <==      Total: 0
2018-12-25 23:35:11,249 INFO (MyShiroRealm.java:53)-  ===> MyShiroRealm.doGetAuthenticationInfo()
2018-12-25 23:35:11,279 INFO (MyShiroRealm.java:56)- null
2018-12-25 23:35:11,311 DEBUG (BaseJdbcLogger.java:159)- ==>  Preparing: select * from sys_user where login_name = ? 
2018-12-25 23:35:11,314 DEBUG (BaseJdbcLogger.java:159)- ==> Parameters: null
2018-12-25 23:35:11,319 DEBUG (BaseJdbcLogger.java:159)- <==      Total: 0
2018-12-25 23:35:11,324 INFO (MyShiroRealm.java:60)- ----->>userInfo=
2018-12-25 23:35:21,791 INFO (MyShiroRealm.java:53)-  ===> MyShiroRealm.doGetAuthenticationInfo()
2018-12-25 23:35:21,841 INFO (MyShiroRealm.java:56)- null
2018-12-25 23:35:21,903 DEBUG (BaseJdbcLogger.java:159)- ==>  Preparing: select * from sys_user where login_name = ? 
2018-12-25 23:35:21,908 DEBUG (BaseJdbcLogger.java:159)- ==> Parameters: null
2018-12-25 23:35:21,968 DEBUG (BaseJdbcLogger.java:159)- <==      Total: 0
2018-12-25 23:35:21,974 INFO (MyShiroRealm.java:60)- ----->>userInfo=
2018-12-25 23:35:22,217 DEBUG (BaseJdbcLogger.java:159)- ==>  Preparing: select * from sys_user where login_name = ? 
2018-12-25 23:35:22,283 INFO (MyShiroRealm.java:53)-  ===> MyShiroRealm.doGetAuthenticationInfo()
2018-12-25 23:35:22,343 INFO (MyShiroRealm.java:56)- null
2018-12-25 23:35:22,227 DEBUG (BaseJdbcLogger.java:159)- ==> Parameters: admin(String)
2018-12-25 23:35:22,358 DEBUG (BaseJdbcLogger.java:159)- ==>  Preparing: select * from sys_user where login_name = ? 
2018-12-25 23:35:22,369 DEBUG (BaseJdbcLogger.java:159)- ==> Parameters: null
2018-12-25 23:35:22,384 DEBUG (BaseJdbcLogger.java:159)- <==      Total: 0
2018-12-25 23:35:22,388 INFO (MyShiroRealm.java:60)- ----->>userInfo=
2018-12-25 23:35:22,389 DEBUG (BaseJdbcLogger.java:159)- <==      Total: 1
2018-12-25 23:35:22,417 DEBUG (BaseJdbcLogger.java:159)- ==>  Preparing: select * from sys_user where login_name = ? 
2018-12-25 23:35:22,395 INFO (MyShiroRealm.java:53)-  ===> MyShiroRealm.doGetAuthenticationInfo()
2018-12-25 23:35:22,464 INFO (MyShiroRealm.java:56)- [C@b16054a
2018-12-25 23:35:22,465 DEBUG (BaseJdbcLogger.java:159)- ==> Parameters: admin(String)
2018-12-25 23:35:22,470 DEBUG (BaseJdbcLogger.java:159)- ==>  Preparing: select * from sys_user where login_name = ? 
2018-12-25 23:35:22,476 DEBUG (BaseJdbcLogger.java:159)- ==> Parameters: admin(String)
2018-12-25 23:35:22,481 DEBUG (BaseJdbcLogger.java:159)- <==      Total: 1
2018-12-25 23:35:22,487 INFO (MyShiroRealm.java:53)-  ===> MyShiroRealm.doGetAuthenticationInfo()
2018-12-25 23:35:22,489 INFO (MyShiroRealm.java:56)- [C@2c08e755
2018-12-25 23:35:22,491 DEBUG (BaseJdbcLogger.java:159)- <==      Total: 1
2018-12-25 23:35:22,523 INFO (MyShiroRealm.java:60)- ----->>userInfo=
2018-12-25 23:35:22,526 DEBUG (BaseJdbcLogger.java:159)- ==>  Preparing: select * from sys_user where login_name = ? 
2018-12-25 23:35:22,533 DEBUG (BaseJdbcLogger.java:159)- ==> Parameters: admin(String)
2018-12-25 23:35:22,544 DEBUG (BaseJdbcLogger.java:159)- <==      Total: 1
2018-12-25 23:35:22,548 INFO (MyShiroRealm.java:60)- ----->>userInfo=
2018-12-25 23:35:25,201 DEBUG (UserController.java:37)- 页面跳转---->开始
2018-12-25 23:35:28,262 DEBUG (UserController.java:56)- POST查询所有用户信息
2018-12-25 23:35:28,314 DEBUG (UserController.java:59)- 10条数
2018-12-25 23:35:28,318 DEBUG (UserController.java:61)- 1页数
2018-12-25 23:35:28,945 DEBUG (BaseJdbcLogger.java:159)- ==>  Preparing: SELECT count(0) FROM sys_user WHERE `status` != 2 
2018-12-25 23:35:28,949 DEBUG (BaseJdbcLogger.java:159)- ==> Parameters: 
2018-12-25 23:35:29,097 DEBUG (BaseJdbcLogger.java:159)- <==      Total: 1
2018-12-25 23:35:29,114 DEBUG (BaseJdbcLogger.java:159)- ==>  Preparing: SELECT user_id, login_name, real_name, create_time, email, telphone, `status` FROM sys_user WHERE `status` != 2 LIMIT ? 
2018-12-25 23:35:29,120 DEBUG (BaseJdbcLogger.java:159)- ==> Parameters: 10(Integer)
2018-12-25 23:35:29,153 DEBUG (BaseJdbcLogger.java:159)- <==      Total: 10
