2018-12-26 11:20:42,923 DEBUG (BaseJdbcLogger.java:159)- ==>  Preparing: SELECT sys_user.*, sys_role.role_id, sys_role.available, sys_role.role_desc, sys_role.role FROM sys_user RIGHT JOIN sys_user_role ON sys_user.user_id = sys_user_role.user_id LEFT JOIN sys_role ON sys_user_role.role_id = sys_role.role_id WHERE sys_user.login_name = ? 
2018-12-26 11:20:42,927 DEBUG (BaseJdbcLogger.java:159)- ==> Parameters: admin(String)
2018-12-26 11:20:42,930 DEBUG (BaseJdbcLogger.java:159)- <==      Total: 1
2018-12-26 11:20:42,932 DEBUG (BaseJdbcLogger.java:159)- ==>  Preparing: SELECT sys_role.role_id, sys_role.available, sys_role.role_desc, sys_role.role, sys_permission.`name`, sys_permission.permission, sys_permission.url FROM ( sys_permission, sys_role ) RIGHT JOIN sys_role_permission ON sys_permission.id = sys_role_permission.permission_id AND sys_role_permission.role_id = sys_role.role_id WHERE sys_role.role_id = ? 
2018-12-26 11:20:42,935 DEBUG (BaseJdbcLogger.java:159)- ==> Parameters: 1(Integer)
2018-12-26 11:20:42,939 DEBUG (BaseJdbcLogger.java:159)- <==      Total: 4
2018-12-26 11:20:42,941 INFO (MyShiroRealm.java:46)- 用户admin具有的角色:[admin]
2018-12-26 11:20:42,941 INFO (MyShiroRealm.java:47)- 用户admin具有的权限：[userInfo:del, userInfo:view, update:status, userInfo:add]
2018-12-26 11:20:42,945 DEBUG (BaseJdbcLogger.java:159)- ==>  Preparing: UPDATE sys_user SET `status` = 2 WHERE user_id= ? 
2018-12-26 11:20:42,946 DEBUG (BaseJdbcLogger.java:159)- ==> Parameters: 11(Integer)
2018-12-26 11:20:43,024 DEBUG (BaseJdbcLogger.java:159)- <==    Updates: 1
2018-12-26 11:20:43,085 DEBUG (UserController.java:58)- POST查询所有用户信息
2018-12-26 11:20:43,087 DEBUG (UserController.java:61)- 10条数
2018-12-26 11:20:43,088 DEBUG (UserController.java:63)- 1页数
2018-12-26 11:20:43,093 DEBUG (BaseJdbcLogger.java:159)- ==>  Preparing: SELECT count(0) FROM sys_user WHERE `status` != 2 
2018-12-26 11:20:43,094 DEBUG (BaseJdbcLogger.java:159)- ==> Parameters: 
2018-12-26 11:20:43,096 DEBUG (BaseJdbcLogger.java:159)- <==      Total: 1
2018-12-26 11:20:43,098 DEBUG (BaseJdbcLogger.java:159)- ==>  Preparing: SELECT user_id, login_name, real_name, create_time, email, telphone, `status` FROM sys_user WHERE `status` != 2 LIMIT ? 
2018-12-26 11:20:43,099 DEBUG (BaseJdbcLogger.java:159)- ==> Parameters: 10(Integer)
2018-12-26 11:20:43,109 DEBUG (BaseJdbcLogger.java:159)- <==      Total: 10
2018-12-26 11:27:45,910 INFO (StartupInfoLogger.java:50)- Starting AdminHtApplication on DESKTOP-9SCGNQP with PID 12684 (E:\GitURLDownload\admin-ht\target\classes started by NariT in E:\GitURLDownload\admin-ht)
2018-12-26 11:27:45,918 DEBUG (StartupInfoLogger.java:53)- Running with Spring Boot v2.1.1.RELEASE, Spring v5.1.3.RELEASE
2018-12-26 11:27:45,922 INFO (SpringApplication.java:675)- No active profile set, falling back to default profiles: default
