2018-12-26 11:16:53,013 DEBUG (BaseJdbcLogger.java:159)- ==>  Preparing: SELECT sys_user.*, sys_role.role_id, sys_role.available, sys_role.role_desc, sys_role.role FROM sys_user RIGHT JOIN sys_user_role ON sys_user.user_id = sys_user_role.user_id LEFT JOIN sys_role ON sys_user_role.role_id = sys_role.role_id WHERE sys_user.login_name = ? 
2018-12-26 11:16:53,018 DEBUG (BaseJdbcLogger.java:159)- ==> Parameters: admin(String)
2018-12-26 11:16:53,026 DEBUG (BaseJdbcLogger.java:159)- <==      Total: 1
2018-12-26 11:16:53,028 DEBUG (BaseJdbcLogger.java:159)- ==>  Preparing: SELECT sys_role.role_id, sys_role.available, sys_role.role_desc, sys_role.role, sys_permission.`name`, sys_permission.permission, sys_permission.url FROM ( sys_permission, sys_role ) RIGHT JOIN sys_role_permission ON sys_permission.id = sys_role_permission.permission_id AND sys_role_permission.role_id = sys_role.role_id WHERE sys_role.role_id = ? 
2018-12-26 11:16:53,029 DEBUG (BaseJdbcLogger.java:159)- ==> Parameters: 1(Integer)
2018-12-26 11:16:53,036 DEBUG (BaseJdbcLogger.java:159)- <==      Total: 4
2018-12-26 11:16:53,037 INFO (MyShiroRealm.java:46)- 用户admin具有的角色:[admin]
2018-12-26 11:16:53,037 INFO (MyShiroRealm.java:47)- 用户admin具有的权限：[userInfo:del, userInfo:view, update:status, userInfo:add]
2018-12-26 11:16:53,041 DEBUG (BaseJdbcLogger.java:159)- ==>  Preparing: UPDATE sys_user SET `status` = 2 WHERE user_id= ? 
2018-12-26 11:16:53,041 DEBUG (BaseJdbcLogger.java:159)- ==> Parameters: 10(Integer)
2018-12-26 11:16:53,122 DEBUG (BaseJdbcLogger.java:159)- <==    Updates: 1
2018-12-26 11:16:53,174 DEBUG (UserController.java:58)- POST查询所有用户信息
2018-12-26 11:16:53,175 DEBUG (UserController.java:61)- 10条数
2018-12-26 11:16:53,176 DEBUG (UserController.java:63)- 1页数
2018-12-26 11:16:53,179 DEBUG (BaseJdbcLogger.java:159)- ==>  Preparing: SELECT count(0) FROM sys_user WHERE `status` != 2 
2018-12-26 11:16:53,181 DEBUG (BaseJdbcLogger.java:159)- ==> Parameters: 
2018-12-26 11:16:53,184 DEBUG (BaseJdbcLogger.java:159)- <==      Total: 1
2018-12-26 11:16:53,186 DEBUG (BaseJdbcLogger.java:159)- ==>  Preparing: SELECT user_id, login_name, real_name, create_time, email, telphone, `status` FROM sys_user WHERE `status` != 2 LIMIT ? 
2018-12-26 11:16:53,188 DEBUG (BaseJdbcLogger.java:159)- ==> Parameters: 10(Integer)
2018-12-26 11:16:53,194 DEBUG (BaseJdbcLogger.java:159)- <==      Total: 8
2018-12-26 11:19:56,738 INFO (StartupInfoLogger.java:50)- Starting AdminHtApplication on DESKTOP-9SCGNQP with PID 16976 (E:\GitURLDownload\admin-ht\target\classes started by NariT in E:\GitURLDownload\admin-ht)
2018-12-26 11:19:56,744 DEBUG (StartupInfoLogger.java:53)- Running with Spring Boot v2.1.1.RELEASE, Spring v5.1.3.RELEASE
2018-12-26 11:19:56,747 INFO (SpringApplication.java:675)- No active profile set, falling back to default profiles: default
